# Customers Data Base:
Customer ID: 1522840 (JIO)
	* Services within the mobile operator *
	Incoming voice call durations: 0
	Outgoing voice call durations: 0
	Incoming SMS messages: 0
	Outgoing SMS messages: 0
	* Services outside the mobile operator *
	Incoming voice call durations: 0
	Outgoing voice call durations: 312
	Incoming SMS messages: 0
	Outgoing SMS messages: 0
	* Internet use *
	MB downloaded: 0 | MB uploaded: 0

Customer ID: 1169862 (012)
	* Services within the mobile operator *
	Incoming voice call durations: 0
	Outgoing voice call durations: 0
	Incoming SMS messages: 0
	Outgoing SMS messages: 0
	* Services outside the mobile operator *
	Incoming voice call durations: 0
	Outgoing voice call durations: 0
	Incoming SMS messages: 1
	Outgoing SMS messages: 0
	* Internet use *
	MB downloaded: 0 | MB uploaded: 0

Customer ID: 1964107 (Airtel)
	* Services within the mobile operator *
	Incoming voice call durations: 0
	Outgoing voice call durations: 0
	Incoming SMS messages: 0
	Outgoing SMS messages: 0
	* Services outside the mobile operator *
	Incoming voice call durations: 0
	Outgoing voice call durations: 0
	Incoming SMS messages: 0
	Outgoing SMS messages: 1
	* Internet use *
	MB downloaded: 0 | MB uploaded: 0

Customer ID: 1280634 (JIO)
	* Services within the mobile operator *
	Incoming voice call durations: 0
	Outgoing voice call durations: 0
	Incoming SMS messages: 0
	Outgoing SMS messages: 0
	* Services outside the mobile operator *
	Incoming voice call durations: 0
	Outgoing voice call durations: 0
	Incoming SMS messages: 1
	Outgoing SMS messages: 0
	* Internet use *
	MB downloaded: 0 | MB uploaded: 0

Customer ID: 1952023 (Partner)
	* Services within the mobile operator *
	Incoming voice call durations: 0
	Outgoing voice call durations: 0
	Incoming SMS messages: 0
	Outgoing SMS messages: 0
	* Services outside the mobile operator *
	Incoming voice call durations: 347
	Outgoing voice call durations: 0
	Incoming SMS messages: 0
	Outgoing SMS messages: 0
	* Internet use *
	MB downloaded: 0 | MB uploaded: 0
